<?xml version="1.0" encoding="UTF-8"?>
<!-- Generated by org.testng.reporters.JUnitXMLReporter -->
<testsuite hostname="macbook-pro-2.hightailhq.com" name="Firefox Test" tests="3" failures="0" timestamp="8 Feb 2016 18:07:53 GMT" time="69.173" errors="0">
  <testcase name="checkIphone4s" time="25.061" classname="com.mvn.ha.HomeawayTest"/>
  <testcase name="emptyCartMessage" time="10.645" classname="com.mvn.ha.HomeawayTest"/>
  <testcase name="accountDetails" time="16.244" classname="com.mvn.ha.AccountDetailsTest"/>
</testsuite> <!-- Firefox Test -->
