<?xml version="1.0" encoding="UTF-8"?>
<testng-results skipped="0" failed="0" total="1" passed="1">
  <reporter-output>
  </reporter-output>
  <suite name="Command line suite" duration-ms="14" started-at="2016-02-06T18:43:28Z" finished-at="2016-02-06T18:43:28Z">
    <groups>
    </groups>
    <test name="Command line test" duration-ms="14" started-at="2016-02-06T18:43:28Z" finished-at="2016-02-06T18:43:28Z">
      <class name="com.mvn.ha.AppTest">
        <test-method status="PASS" signature="testApp()[pri:0, instance:testApp(com.mvn.ha.AppTest)]" name="testApp" duration-ms="1" started-at="2016-02-06T10:43:28Z" finished-at="2016-02-06T10:43:28Z">
          <reporter-output>
          </reporter-output>
        </test-method> <!-- testApp -->
      </class> <!-- com.mvn.ha.AppTest -->
    </test> <!-- Command line test -->
  </suite> <!-- Command line suite -->
</testng-results>
