<?xml version="1.0" encoding="UTF-8"?>
<testng-results skipped="0" failed="0" total="1" passed="1">
  <reporter-output>
  </reporter-output>
  <suite name="Command line suite" duration-ms="21980" started-at="2016-02-06T18:43:04Z" finished-at="2016-02-06T18:43:26Z">
    <groups>
    </groups>
    <test name="Command line test" duration-ms="21980" started-at="2016-02-06T18:43:04Z" finished-at="2016-02-06T18:43:26Z">
      <class name="com.mvn.ha.HomeawayTest">
        <test-method status="PASS" signature="setUp()[pri:0, instance:com.mvn.ha.HomeawayTest@4909b8da]" name="setUp" is-config="true" duration-ms="8334" started-at="2016-02-06T10:43:04Z" finished-at="2016-02-06T10:43:12Z">
          <reporter-output>
          </reporter-output>
        </test-method> <!-- setUp -->
        <test-method status="PASS" signature="checkIphone4s()[pri:0, instance:com.mvn.ha.HomeawayTest@4909b8da]" name="checkIphone4s" duration-ms="13631" started-at="2016-02-06T10:43:12Z" finished-at="2016-02-06T10:43:26Z">
          <reporter-output>
          </reporter-output>
        </test-method> <!-- checkIphone4s -->
        <test-method status="PASS" signature="afterClass()[pri:0, instance:com.mvn.ha.HomeawayTest@4909b8da]" name="afterClass" is-config="true" duration-ms="8" started-at="2016-02-06T10:43:26Z" finished-at="2016-02-06T10:43:26Z">
          <reporter-output>
          </reporter-output>
        </test-method> <!-- afterClass -->
      </class> <!-- com.mvn.ha.HomeawayTest -->
    </test> <!-- Command line test -->
  </suite> <!-- Command line suite -->
</testng-results>
